<?xml version="1.0" encoding="UTF-8"?>
<testng-results ignored="0" total="1" passed="1" failed="0" skipped="0">
  <reporter-output>
  </reporter-output>
  <suite started-at="2023-02-02T11:35:32 IST" name="Default suite" finished-at="2023-02-02T11:35:35 IST" duration-ms="2327">
    <groups>
    </groups>
    <test started-at="2023-02-02T11:35:32 IST" name="Default test" finished-at="2023-02-02T11:35:35 IST" duration-ms="2327">
      <class name="withoutBdd.UsingHashMa">
        <test-method is-config="true" signature="before()[pri:0, instance:withoutBdd.UsingHashMa@729d991e]" started-at="2023-02-02T11:35:32 IST" name="before" finished-at="2023-02-02T11:35:33 IST" duration-ms="824" status="PASS">
          <reporter-output>
          </reporter-output>
        </test-method> <!-- before -->
        <test-method signature="hash()[pri:0, instance:withoutBdd.UsingHashMa@729d991e]" started-at="2023-02-02T11:35:33 IST" name="hash" finished-at="2023-02-02T11:35:35 IST" duration-ms="1455" status="PASS">
          <reporter-output>
          </reporter-output>
        </test-method> <!-- hash -->
      </class> <!-- withoutBdd.UsingHashMa -->
    </test> <!-- Default test -->
  </suite> <!-- Default suite -->
</testng-results>
